  [1m[35m (0.2ms)[0m  [1m[35mCREATE TABLE "schema_migrations" ("version" varchar NOT NULL PRIMARY KEY) /*application='PetTrackerApi'*/[0m
  [1m[35m (0.1ms)[0m  [1m[35mCREATE TABLE "ar_internal_metadata" ("key" varchar NOT NULL PRIMARY KEY, "value" varchar, "created_at" datetime(6) NOT NULL, "updated_at" datetime(6) NOT NULL) /*application='PetTrackerApi'*/[0m
  [1m[36mActiveRecord::SchemaMigration Load (0.1ms)[0m  [1m[34mSELECT "schema_migrations"."version" FROM "schema_migrations" ORDER BY "schema_migrations"."version" ASC /*application='PetTrackerApi'*/[0m
  [1m[36mCACHE ActiveRecord::SchemaMigration Load (0.1ms)[0m  [1m[34mSELECT "schema_migrations"."version" FROM "schema_migrations" ORDER BY "schema_migrations"."version" ASC[0m
  [1m[36mActiveRecord::InternalMetadata Load (0.1ms)[0m  [1m[34mSELECT * FROM "ar_internal_metadata" WHERE "ar_internal_metadata"."key" = 'environment' ORDER BY "ar_internal_metadata"."key" ASC LIMIT 1 /*application='PetTrackerApi'*/[0m
  [1m[36mActiveRecord::InternalMetadata Create (0.1ms)[0m  [1m[32mINSERT INTO "ar_internal_metadata" ("key", "value", "created_at", "updated_at") VALUES ('environment', 'development', '2025-08-19 15:17:10.156497', '2025-08-19 15:17:10.156499') RETURNING "key" /*application='PetTrackerApi'*/[0m
  [1m[36mActiveRecord::SchemaMigration Load (0.0ms)[0m  [1m[34mSELECT "schema_migrations"."version" FROM "schema_migrations" ORDER BY "schema_migrations"."version" ASC /*application='PetTrackerApi'*/[0m
Migrating to CreatePets (20250819151434)
  [1m[36mTRANSACTION (0.0ms)[0m  [1m[35mBEGIN immediate TRANSACTION /*application='PetTrackerApi'*/[0m
  [1m[35m (0.9ms)[0m  [1m[35mCREATE TABLE "pets" ("id" integer PRIMARY KEY AUTOINCREMENT NOT NULL, "type" varchar, "tracker_type" varchar, "owner_id" integer, "in_zone" boolean, "lost_tracker" boolean, "created_at" datetime(6) NOT NULL, "updated_at" datetime(6) NOT NULL) /*application='PetTrackerApi'*/[0m
  [1m[36mActiveRecord::SchemaMigration Create (0.0ms)[0m  [1m[32mINSERT INTO "schema_migrations" ("version") VALUES ('20250819151434') RETURNING "version" /*application='PetTrackerApi'*/[0m
  [1m[36mTRANSACTION (0.1ms)[0m  [1m[35mCOMMIT TRANSACTION /*application='PetTrackerApi'*/[0m
  [1m[36mActiveRecord::SchemaMigration Load (0.0ms)[0m  [1m[34mSELECT "schema_migrations"."version" FROM "schema_migrations" ORDER BY "schema_migrations"."version" ASC /*application='PetTrackerApi'*/[0m
Started GET "/api/v1/pets" for ::1 at 2025-08-19 18:21:48 +0300
  [1m[36mActiveRecord::SchemaMigration Load (0.1ms)[0m  [1m[34mSELECT "schema_migrations"."version" FROM "schema_migrations" ORDER BY "schema_migrations"."version" ASC /*application='PetTrackerApi'*/[0m
Processing by Api::V1::PetsController#index as */*
  [1m[36mPet Load (0.7ms)[0m  [1m[34mSELECT "pets".* FROM "pets" /*action='index',application='PetTrackerApi',controller='pets'*/[0m
  ↳ app/controllers/api/v1/pets_controller.rb:7:in `index'
[active_model_serializers] Rendered ActiveModel::Serializer::CollectionSerializer with ActiveModelSerializers::Adapter::Attributes (0.08ms)
Completed 200 OK in 24ms (Views: 2.5ms | ActiveRecord: 1.1ms (1 query, 0 cached) | GC: 10.5ms)


Started POST "/api/v1/pets" for ::1 at 2025-08-19 18:21:54 +0300
Processing by Api::V1::PetsController#create as */*
  Parameters: {"pet"=>{"type"=>"Cat", "tracker_type"=>"small", "owner_id"=>123, "in_zone"=>true, "lost_tracker"=>false}}
  [1m[36mTRANSACTION (0.1ms)[0m  [1m[35mBEGIN immediate TRANSACTION /*action='create',application='PetTrackerApi',controller='pets'*/[0m
  ↳ app/controllers/api/v1/pets_controller.rb:21:in `create'
  [1m[36mCat Create (0.7ms)[0m  [1m[32mINSERT INTO "pets" ("type", "tracker_type", "owner_id", "in_zone", "lost_tracker", "created_at", "updated_at") VALUES ('Cat', 'small', 123, 1, 0, '2025-08-19 15:21:54.072626', '2025-08-19 15:21:54.072626') RETURNING "id" /*action='create',application='PetTrackerApi',controller='pets'*/[0m
  ↳ app/controllers/api/v1/pets_controller.rb:21:in `create'
  [1m[36mTRANSACTION (0.2ms)[0m  [1m[35mCOMMIT TRANSACTION /*action='create',application='PetTrackerApi',controller='pets'*/[0m
  ↳ app/controllers/api/v1/pets_controller.rb:21:in `create'
[active_model_serializers] Rendered PetSerializer with ActiveModelSerializers::Adapter::Attributes (0.2ms)
Completed 201 Created in 12ms (Views: 1.3ms | ActiveRecord: 1.3ms (1 query, 0 cached) | GC: 1.7ms)


Started POST "/api/v1/pets" for ::1 at 2025-08-19 18:21:59 +0300
Processing by Api::V1::PetsController#create as */*
  Parameters: {"pet"=>{"type"=>"Dog", "tracker_type"=>"medium", "owner_id"=>456, "in_zone"=>false, "lost_tracker"=>false}}
  [1m[36mTRANSACTION (0.1ms)[0m  [1m[35mBEGIN immediate TRANSACTION /*action='create',application='PetTrackerApi',controller='pets'*/[0m
  ↳ app/controllers/api/v1/pets_controller.rb:21:in `create'
  [1m[36mDog Create (1.1ms)[0m  [1m[32mINSERT INTO "pets" ("type", "tracker_type", "owner_id", "in_zone", "lost_tracker", "created_at", "updated_at") VALUES ('Dog', 'medium', 456, 0, 0, '2025-08-19 15:21:59.231166', '2025-08-19 15:21:59.231166') RETURNING "id" /*action='create',application='PetTrackerApi',controller='pets'*/[0m
  ↳ app/controllers/api/v1/pets_controller.rb:21:in `create'
  [1m[36mTRANSACTION (0.0ms)[0m  [1m[35mCOMMIT TRANSACTION /*action='create',application='PetTrackerApi',controller='pets'*/[0m
  ↳ app/controllers/api/v1/pets_controller.rb:21:in `create'
[active_model_serializers] Rendered PetSerializer with ActiveModelSerializers::Adapter::Attributes (0.3ms)
Completed 201 Created in 8ms (Views: 0.9ms | ActiveRecord: 1.2ms (1 query, 0 cached) | GC: 1.3ms)


Started POST "/api/v1/pets" for ::1 at 2025-08-19 18:22:04 +0300
Processing by Api::V1::PetsController#create as */*
  Parameters: {"pet"=>{"type"=>"Cat", "tracker_type"=>"big", "owner_id"=>789, "in_zone"=>false, "lost_tracker"=>true}}
  [1m[36mTRANSACTION (0.1ms)[0m  [1m[35mBEGIN immediate TRANSACTION /*action='create',application='PetTrackerApi',controller='pets'*/[0m
  ↳ app/controllers/api/v1/pets_controller.rb:21:in `create'
  [1m[36mCat Create (1.3ms)[0m  [1m[32mINSERT INTO "pets" ("type", "tracker_type", "owner_id", "in_zone", "lost_tracker", "created_at", "updated_at") VALUES ('Cat', 'big', 789, 0, 1, '2025-08-19 15:22:04.514705', '2025-08-19 15:22:04.514705') RETURNING "id" /*action='create',application='PetTrackerApi',controller='pets'*/[0m
  ↳ app/controllers/api/v1/pets_controller.rb:21:in `create'
  [1m[36mTRANSACTION (0.2ms)[0m  [1m[35mCOMMIT TRANSACTION /*action='create',application='PetTrackerApi',controller='pets'*/[0m
  ↳ app/controllers/api/v1/pets_controller.rb:21:in `create'
[active_model_serializers] Rendered PetSerializer with ActiveModelSerializers::Adapter::Attributes (0.13ms)
Completed 201 Created in 5ms (Views: 0.3ms | ActiveRecord: 1.5ms (1 query, 0 cached) | GC: 1.2ms)


Started GET "/api/v1/pets/statistics/outside_zone" for ::1 at 2025-08-19 18:22:11 +0300
Processing by Api::V1::PetsController#outside_zone_statistics as */*
  [1m[36mPet Count (0.1ms)[0m  [1m[34mSELECT COUNT(*) FROM "pets" WHERE "pets"."in_zone" = 0 /*action='outside_zone_statistics',application='PetTrackerApi',controller='pets'*/[0m
  ↳ app/models/pet.rb:24:in `total_pets_outside_zone'
  [1m[36mPet Count (0.1ms)[0m  [1m[34mSELECT COUNT(*) AS "count_all", "pets"."type" AS "pets_type" FROM "pets" WHERE "pets"."in_zone" = 0 GROUP BY "pets"."type" /*action='outside_zone_statistics',application='PetTrackerApi',controller='pets'*/[0m
  ↳ app/models/pet.rb:28:in `pets_outside_zone_by_pet_type'
  [1m[36mPet Count (0.1ms)[0m  [1m[34mSELECT COUNT(*) AS "count_all", "pets"."tracker_type" AS "pets_tracker_type" FROM "pets" WHERE "pets"."in_zone" = 0 GROUP BY "pets"."tracker_type" /*action='outside_zone_statistics',application='PetTrackerApi',controller='pets'*/[0m
  ↳ app/models/pet.rb:32:in `pets_outside_zone_by_tracker_type'
  [1m[36mPet Count (0.1ms)[0m  [1m[34mSELECT COUNT(*) AS "count_all", "pets"."type" AS "pets_type", "pets"."tracker_type" AS "pets_tracker_type" FROM "pets" WHERE "pets"."in_zone" = 0 GROUP BY "pets"."type", "pets"."tracker_type" /*action='outside_zone_statistics',application='PetTrackerApi',controller='pets'*/[0m
  ↳ app/models/pet.rb:20:in `pets_outside_zone_by_type'
  [1m[36mCat Count (0.0ms)[0m  [1m[34mSELECT COUNT(*) FROM "pets" WHERE "pets"."type" = 'Cat' AND "pets"."in_zone" = 0 AND "pets"."lost_tracker" = 1 /*action='outside_zone_statistics',application='PetTrackerApi',controller='pets'*/[0m
  ↳ app/models/cat.rb:12:in `cats_outside_zone_with_lost_tracker'
  [1m[36mCat Count (0.0ms)[0m  [1m[34mSELECT COUNT(*) FROM "pets" WHERE "pets"."type" = 'Cat' AND "pets"."in_zone" = 0 AND "pets"."lost_tracker" = 0 /*action='outside_zone_statistics',application='PetTrackerApi',controller='pets'*/[0m
  ↳ app/models/cat.rb:16:in `cats_outside_zone_with_tracker'
  [1m[36mDog Count (0.0ms)[0m  [1m[34mSELECT COUNT(*) AS "count_all", "pets"."tracker_type" AS "pets_tracker_type" FROM "pets" WHERE "pets"."type" = 'Dog' AND "pets"."in_zone" = 0 GROUP BY "pets"."tracker_type" /*action='outside_zone_statistics',application='PetTrackerApi',controller='pets'*/[0m
  ↳ app/models/dog.rb:11:in `dogs_outside_zone_by_size'
[active_model_serializers] Rendered ActiveModel::Serializer::Null with Hash (0.08ms)
Completed 200 OK in 9ms (Views: 1.5ms | ActiveRecord: 0.5ms (7 queries, 0 cached) | GC: 0.5ms)


Started POST "/api/v1/pets" for ::1 at 2025-08-19 18:22:16 +0300
Processing by Api::V1::PetsController#create as */*
  Parameters: {"pet"=>{"type"=>"Dog", "tracker_type"=>"small", "owner_id"=>999, "in_zone"=>true, "lost_tracker"=>true}}
[active_model_serializers] Rendered ActiveModel::Serializer::Null with Hash (0.03ms)
Completed 422 Unprocessable Content in 124ms (Views: 0.3ms | ActiveRecord: 0.0ms (0 queries, 0 cached) | GC: 14.2ms)


Started GET "/api-docs/index.html" for ::1 at 2025-08-19 18:23:33 +0300
  [1m[36mActiveRecord::SchemaMigration Load (0.1ms)[0m  [1m[34mSELECT "schema_migrations"."version" FROM "schema_migrations" ORDER BY "schema_migrations"."version" ASC /*application='PetTrackerApi'*/[0m
Started GET "/api-docs/swagger-ui.css" for ::1 at 2025-08-19 18:23:33 +0300
Started GET "/api-docs/swagger-ui-bundle.js" for ::1 at 2025-08-19 18:23:33 +0300
Started GET "/api-docs/swagger-ui-standalone-preset.js" for ::1 at 2025-08-19 18:23:33 +0300
Started GET "/api-docs/favicon-32x32.png" for ::1 at 2025-08-19 18:23:33 +0300
Started GET "/api-docs/v1/swagger.yaml" for ::1 at 2025-08-19 18:23:33 +0300
  
ActionController::RoutingError (No route matches [GET] "/api-docs/v1/swagger.yaml"):
  
Started GET "/api-docs/favicon-32x32.png" for ::1 at 2025-08-19 18:23:33 +0300
Started GET "/api-docs" for ::1 at 2025-08-19 18:23:51 +0300
Started GET "/api-docs/index.html" for ::1 at 2025-08-19 18:23:51 +0300
Started GET "/api-docs/swagger-ui-standalone-preset.js" for ::1 at 2025-08-19 18:23:51 +0300
Started GET "/api-docs/swagger-ui.css" for ::1 at 2025-08-19 18:23:51 +0300
Started GET "/api-docs/swagger-ui-bundle.js" for ::1 at 2025-08-19 18:23:51 +0300
Started GET "/api-docs/favicon-32x32.png" for ::1 at 2025-08-19 18:23:51 +0300
Started GET "/api-docs/v1/swagger.yaml" for ::1 at 2025-08-19 18:23:51 +0300
  
ActionController::RoutingError (No route matches [GET] "/api-docs/v1/swagger.yaml"):
  
Started GET "/api-docs" for ::1 at 2025-08-19 18:25:15 +0300
Started HEAD "/api-docs" for ::1 at 2025-08-19 18:25:21 +0300
  
ActionController::RoutingError (No route matches [HEAD] "/api-docs"):
  
Started HEAD "/api-docs" for ::1 at 2025-08-19 18:26:00 +0300
  
ActionController::RoutingError (No route matches [HEAD] "/api-docs"):
  
Started GET "/api-docs" for ::1 at 2025-08-19 18:26:12 +0300
Started GET "/api-docs" for ::1 at 2025-08-19 18:26:16 +0300
Started GET "/api-docs" for ::1 at 2025-08-19 18:26:21 +0300
Started HEAD "/api-docs" for ::1 at 2025-08-19 18:26:54 +0300
  [1m[36mActiveRecord::SchemaMigration Load (0.2ms)[0m  [1m[34mSELECT "schema_migrations"."version" FROM "schema_migrations" ORDER BY "schema_migrations"."version" ASC /*application='PetTrackerApi'*/[0m
  
ActionController::RoutingError (No route matches [HEAD] "/api-docs"):
  
Started GET "/api-docs" for ::1 at 2025-08-19 18:27:29 +0300
Started HEAD "/api-docs" for ::1 at 2025-08-19 18:28:11 +0300
  
ActionController::RoutingError (No route matches [HEAD] "/api-docs"):
  
Started HEAD "/api-docs" for ::1 at 2025-08-19 18:30:51 +0300
  [1m[36mActiveRecord::SchemaMigration Load (0.1ms)[0m  [1m[34mSELECT "schema_migrations"."version" FROM "schema_migrations" ORDER BY "schema_migrations"."version" ASC /*application='PetTrackerApi'*/[0m
  
ActionController::RoutingError (No route matches [HEAD] "/api-docs"):
  
Started HEAD "/api-docs/v1/swagger.yaml" for ::1 at 2025-08-19 18:30:56 +0300
  
ActionController::RoutingError (No route matches [HEAD] "/api-docs/v1/swagger.yaml"):
  
Started HEAD "/api-docs" for ::1 at 2025-08-19 18:32:12 +0300
  [1m[36mActiveRecord::SchemaMigration Load (0.1ms)[0m  [1m[34mSELECT "schema_migrations"."version" FROM "schema_migrations" ORDER BY "schema_migrations"."version" ASC /*application='PetTrackerApi'*/[0m
  
ActionController::RoutingError (No route matches [HEAD] "/api-docs"):
  
Started HEAD "/api-docs/v1/swagger.json" for ::1 at 2025-08-19 18:32:17 +0300
  
ActionController::RoutingError (No route matches [HEAD] "/api-docs/v1/swagger.json"):
  
  [1m[36mActiveRecord::SchemaMigration Load (0.1ms)[0m  [1m[34mSELECT "schema_migrations"."version" FROM "schema_migrations" ORDER BY "schema_migrations"."version" ASC /*application='PetTrackerApi'*/[0m
Started GET "/api/v1/pets" for ::1 at 2025-08-19 18:34:31 +0300
  [1m[36mActiveRecord::SchemaMigration Load (0.1ms)[0m  [1m[34mSELECT "schema_migrations"."version" FROM "schema_migrations" ORDER BY "schema_migrations"."version" ASC /*application='PetTrackerApi'*/[0m
Processing by Api::V1::PetsController#index as */*
  [1m[36mPet Load (0.7ms)[0m  [1m[34mSELECT "pets".* FROM "pets" /*action='index',application='PetTrackerApi',controller='pets'*/[0m
  ↳ app/controllers/api/v1/pets_controller.rb:7:in `index'
[active_model_serializers] Rendered ActiveModel::Serializer::CollectionSerializer with ActiveModelSerializers::Adapter::Attributes (1.07ms)
Completed 200 OK in 40ms (Views: 21.6ms | ActiveRecord: 1.6ms (1 query, 0 cached) | GC: 3.8ms)


Started GET "/api/v1/pets/statistics/outside_zone" for ::1 at 2025-08-19 18:34:37 +0300
Processing by Api::V1::PetsController#outside_zone_statistics as */*
  [1m[36mPet Count (0.1ms)[0m  [1m[34mSELECT COUNT(*) FROM "pets" WHERE "pets"."in_zone" = 0 /*action='outside_zone_statistics',application='PetTrackerApi',controller='pets'*/[0m
  ↳ app/models/pet.rb:24:in `total_pets_outside_zone'
  [1m[36mPet Count (0.1ms)[0m  [1m[34mSELECT COUNT(*) AS "count_all", "pets"."type" AS "pets_type" FROM "pets" WHERE "pets"."in_zone" = 0 GROUP BY "pets"."type" /*action='outside_zone_statistics',application='PetTrackerApi',controller='pets'*/[0m
  ↳ app/models/pet.rb:28:in `pets_outside_zone_by_pet_type'
  [1m[36mPet Count (0.0ms)[0m  [1m[34mSELECT COUNT(*) AS "count_all", "pets"."tracker_type" AS "pets_tracker_type" FROM "pets" WHERE "pets"."in_zone" = 0 GROUP BY "pets"."tracker_type" /*action='outside_zone_statistics',application='PetTrackerApi',controller='pets'*/[0m
  ↳ app/models/pet.rb:32:in `pets_outside_zone_by_tracker_type'
  [1m[36mPet Count (0.0ms)[0m  [1m[34mSELECT COUNT(*) AS "count_all", "pets"."type" AS "pets_type", "pets"."tracker_type" AS "pets_tracker_type" FROM "pets" WHERE "pets"."in_zone" = 0 GROUP BY "pets"."type", "pets"."tracker_type" /*action='outside_zone_statistics',application='PetTrackerApi',controller='pets'*/[0m
  ↳ app/models/pet.rb:20:in `pets_outside_zone_by_type'
  [1m[36mCat Count (0.0ms)[0m  [1m[34mSELECT COUNT(*) FROM "pets" WHERE "pets"."type" = 'Cat' AND "pets"."in_zone" = 0 AND "pets"."lost_tracker" = 1 /*action='outside_zone_statistics',application='PetTrackerApi',controller='pets'*/[0m
  ↳ app/models/cat.rb:12:in `cats_outside_zone_with_lost_tracker'
  [1m[36mCat Count (0.0ms)[0m  [1m[34mSELECT COUNT(*) FROM "pets" WHERE "pets"."type" = 'Cat' AND "pets"."in_zone" = 0 AND "pets"."lost_tracker" = 0 /*action='outside_zone_statistics',application='PetTrackerApi',controller='pets'*/[0m
  ↳ app/models/cat.rb:16:in `cats_outside_zone_with_tracker'
  [1m[36mDog Count (0.0ms)[0m  [1m[34mSELECT COUNT(*) AS "count_all", "pets"."tracker_type" AS "pets_tracker_type" FROM "pets" WHERE "pets"."type" = 'Dog' AND "pets"."in_zone" = 0 GROUP BY "pets"."tracker_type" /*action='outside_zone_statistics',application='PetTrackerApi',controller='pets'*/[0m
  ↳ app/models/dog.rb:11:in `dogs_outside_zone_by_size'
[active_model_serializers] Rendered ActiveModel::Serializer::Null with Hash (0.05ms)
Completed 200 OK in 5ms (Views: 0.8ms | ActiveRecord: 0.3ms (7 queries, 0 cached) | GC: 0.0ms)


Started POST "/api/v1/pets" for ::1 at 2025-08-19 18:36:53 +0300
Processing by Api::V1::PetsController#create as */*
  Parameters: {"pet"=>{"type"=>"Cat", "tracker_type"=>"small", "owner_id"=>999, "in_zone"=>true, "lost_tracker"=>false}}
  [1m[36mTRANSACTION (0.0ms)[0m  [1m[35mBEGIN immediate TRANSACTION /*action='create',application='PetTrackerApi',controller='pets'*/[0m
  ↳ app/controllers/api/v1/pets_controller.rb:21:in `create'
  [1m[36mCat Create (0.6ms)[0m  [1m[32mINSERT INTO "pets" ("type", "tracker_type", "owner_id", "in_zone", "lost_tracker", "created_at", "updated_at") VALUES ('Cat', 'small', 999, 1, 0, '2025-08-19 15:36:53.785733', '2025-08-19 15:36:53.785733') RETURNING "id" /*action='create',application='PetTrackerApi',controller='pets'*/[0m
  ↳ app/controllers/api/v1/pets_controller.rb:21:in `create'
  [1m[36mTRANSACTION (0.2ms)[0m  [1m[35mCOMMIT TRANSACTION /*action='create',application='PetTrackerApi',controller='pets'*/[0m
  ↳ app/controllers/api/v1/pets_controller.rb:21:in `create'
[active_model_serializers] Rendered PetSerializer with ActiveModelSerializers::Adapter::Attributes (0.21ms)
Completed 201 Created in 9ms (Views: 0.9ms | ActiveRecord: 1.4ms (1 query, 0 cached) | GC: 0.0ms)


  [1m[36mActiveRecord::SchemaMigration Load (0.1ms)[0m  [1m[34mSELECT "schema_migrations"."version" FROM "schema_migrations" ORDER BY "schema_migrations"."version" ASC /*application='PetTrackerApi'*/[0m
  [1m[36mPet Load (0.3ms)[0m  [1m[34mSELECT "pets".* FROM "pets" /*application='PetTrackerApi'*/[0m
  [1m[36mTRANSACTION (0.0ms)[0m  [1m[35mBEGIN immediate TRANSACTION /*application='PetTrackerApi'*/[0m
  [1m[36mCat Destroy (1.1ms)[0m  [1m[31mDELETE FROM "pets" WHERE "pets"."id" = 1 /*application='PetTrackerApi'*/[0m
  [1m[36mTRANSACTION (0.2ms)[0m  [1m[35mCOMMIT TRANSACTION /*application='PetTrackerApi'*/[0m
  [1m[36mTRANSACTION (0.0ms)[0m  [1m[35mBEGIN immediate TRANSACTION /*application='PetTrackerApi'*/[0m
  [1m[36mDog Destroy (0.5ms)[0m  [1m[31mDELETE FROM "pets" WHERE "pets"."id" = 2 /*application='PetTrackerApi'*/[0m
  [1m[36mTRANSACTION (0.1ms)[0m  [1m[35mCOMMIT TRANSACTION /*application='PetTrackerApi'*/[0m
  [1m[36mTRANSACTION (0.0ms)[0m  [1m[35mBEGIN immediate TRANSACTION /*application='PetTrackerApi'*/[0m
  [1m[36mCat Destroy (0.7ms)[0m  [1m[31mDELETE FROM "pets" WHERE "pets"."id" = 3 /*application='PetTrackerApi'*/[0m
  [1m[36mTRANSACTION (0.0ms)[0m  [1m[35mCOMMIT TRANSACTION /*application='PetTrackerApi'*/[0m
  [1m[36mTRANSACTION (0.0ms)[0m  [1m[35mBEGIN immediate TRANSACTION /*application='PetTrackerApi'*/[0m
  [1m[36mCat Destroy (0.7ms)[0m  [1m[31mDELETE FROM "pets" WHERE "pets"."id" = 4 /*application='PetTrackerApi'*/[0m
  [1m[36mTRANSACTION (0.0ms)[0m  [1m[35mCOMMIT TRANSACTION /*application='PetTrackerApi'*/[0m
  [1m[36mTRANSACTION (0.0ms)[0m  [1m[35mBEGIN immediate TRANSACTION /*application='PetTrackerApi'*/[0m
  [1m[36mCat Create (1.0ms)[0m  [1m[32mINSERT INTO "pets" ("type", "tracker_type", "owner_id", "in_zone", "lost_tracker", "created_at", "updated_at") VALUES ('Cat', 'small', 1001, 1, 0, '2025-08-19 15:38:33.292762', '2025-08-19 15:38:33.292762') RETURNING "id" /*application='PetTrackerApi'*/[0m
  [1m[36mTRANSACTION (0.0ms)[0m  [1m[35mCOMMIT TRANSACTION /*application='PetTrackerApi'*/[0m
  [1m[36mTRANSACTION (0.0ms)[0m  [1m[35mBEGIN immediate TRANSACTION /*application='PetTrackerApi'*/[0m
  [1m[36mCat Create (0.9ms)[0m  [1m[32mINSERT INTO "pets" ("type", "tracker_type", "owner_id", "in_zone", "lost_tracker", "created_at", "updated_at") VALUES ('Cat', 'big', 1002, 0, 1, '2025-08-19 15:38:33.295406', '2025-08-19 15:38:33.295406') RETURNING "id" /*application='PetTrackerApi'*/[0m
  [1m[36mTRANSACTION (0.1ms)[0m  [1m[35mCOMMIT TRANSACTION /*application='PetTrackerApi'*/[0m
  [1m[36mTRANSACTION (0.0ms)[0m  [1m[35mBEGIN immediate TRANSACTION /*application='PetTrackerApi'*/[0m
  [1m[36mCat Create (1.5ms)[0m  [1m[32mINSERT INTO "pets" ("type", "tracker_type", "owner_id", "in_zone", "lost_tracker", "created_at", "updated_at") VALUES ('Cat', 'small', 1003, 0, 0, '2025-08-19 15:38:33.298739', '2025-08-19 15:38:33.298739') RETURNING "id" /*application='PetTrackerApi'*/[0m
  [1m[36mTRANSACTION (0.1ms)[0m  [1m[35mCOMMIT TRANSACTION /*application='PetTrackerApi'*/[0m
  [1m[36mTRANSACTION (0.1ms)[0m  [1m[35mBEGIN immediate TRANSACTION /*application='PetTrackerApi'*/[0m
  [1m[36mCat Create (1.2ms)[0m  [1m[32mINSERT INTO "pets" ("type", "tracker_type", "owner_id", "in_zone", "lost_tracker", "created_at", "updated_at") VALUES ('Cat', 'big', 1004, 1, 0, '2025-08-19 15:38:33.302515', '2025-08-19 15:38:33.302515') RETURNING "id" /*application='PetTrackerApi'*/[0m
  [1m[36mTRANSACTION (0.1ms)[0m  [1m[35mCOMMIT TRANSACTION /*application='PetTrackerApi'*/[0m
  [1m[36mTRANSACTION (0.0ms)[0m  [1m[35mBEGIN immediate TRANSACTION /*application='PetTrackerApi'*/[0m
  [1m[36mDog Create (0.7ms)[0m  [1m[32mINSERT INTO "pets" ("type", "tracker_type", "owner_id", "in_zone", "lost_tracker", "created_at", "updated_at") VALUES ('Dog', 'small', 2001, 1, 0, '2025-08-19 15:38:33.305381', '2025-08-19 15:38:33.305381') RETURNING "id" /*application='PetTrackerApi'*/[0m
  [1m[36mTRANSACTION (0.0ms)[0m  [1m[35mCOMMIT TRANSACTION /*application='PetTrackerApi'*/[0m
  [1m[36mTRANSACTION (0.0ms)[0m  [1m[35mBEGIN immediate TRANSACTION /*application='PetTrackerApi'*/[0m
  [1m[36mDog Create (17.4ms)[0m  [1m[32mINSERT INTO "pets" ("type", "tracker_type", "owner_id", "in_zone", "lost_tracker", "created_at", "updated_at") VALUES ('Dog', 'medium', 2002, 0, 0, '2025-08-19 15:38:33.308293', '2025-08-19 15:38:33.308293') RETURNING "id" /*application='PetTrackerApi'*/[0m
  [1m[36mTRANSACTION (0.0ms)[0m  [1m[35mCOMMIT TRANSACTION /*application='PetTrackerApi'*/[0m
  [1m[36mTRANSACTION (0.0ms)[0m  [1m[35mBEGIN immediate TRANSACTION /*application='PetTrackerApi'*/[0m
  [1m[36mDog Create (0.5ms)[0m  [1m[32mINSERT INTO "pets" ("type", "tracker_type", "owner_id", "in_zone", "lost_tracker", "created_at", "updated_at") VALUES ('Dog', 'big', 2003, 0, 0, '2025-08-19 15:38:33.328694', '2025-08-19 15:38:33.328694') RETURNING "id" /*application='PetTrackerApi'*/[0m
  [1m[36mTRANSACTION (0.0ms)[0m  [1m[35mCOMMIT TRANSACTION /*application='PetTrackerApi'*/[0m
  [1m[36mTRANSACTION (0.0ms)[0m  [1m[35mBEGIN immediate TRANSACTION /*application='PetTrackerApi'*/[0m
  [1m[36mDog Create (0.5ms)[0m  [1m[32mINSERT INTO "pets" ("type", "tracker_type", "owner_id", "in_zone", "lost_tracker", "created_at", "updated_at") VALUES ('Dog', 'medium', 2004, 1, 0, '2025-08-19 15:38:33.330755', '2025-08-19 15:38:33.330755') RETURNING "id" /*application='PetTrackerApi'*/[0m
  [1m[36mTRANSACTION (0.0ms)[0m  [1m[35mCOMMIT TRANSACTION /*application='PetTrackerApi'*/[0m
  [1m[36mTRANSACTION (0.0ms)[0m  [1m[35mBEGIN immediate TRANSACTION /*application='PetTrackerApi'*/[0m
  [1m[36mDog Create (0.8ms)[0m  [1m[32mINSERT INTO "pets" ("type", "tracker_type", "owner_id", "in_zone", "lost_tracker", "created_at", "updated_at") VALUES ('Dog', 'small', 2005, 0, 0, '2025-08-19 15:38:33.332155', '2025-08-19 15:38:33.332155') RETURNING "id" /*application='PetTrackerApi'*/[0m
  [1m[36mTRANSACTION (0.1ms)[0m  [1m[35mCOMMIT TRANSACTION /*application='PetTrackerApi'*/[0m
  [1m[36mPet Count (0.0ms)[0m  [1m[34mSELECT COUNT(*) FROM "pets" /*application='PetTrackerApi'*/[0m
  [1m[36mCat Count (0.0ms)[0m  [1m[34mSELECT COUNT(*) FROM "pets" WHERE "pets"."type" = 'Cat' /*application='PetTrackerApi'*/[0m
  [1m[36mDog Count (0.0ms)[0m  [1m[34mSELECT COUNT(*) FROM "pets" WHERE "pets"."type" = 'Dog' /*application='PetTrackerApi'*/[0m
  [1m[36mPet Count (0.0ms)[0m  [1m[34mSELECT COUNT(*) FROM "pets" WHERE "pets"."in_zone" = 1 /*application='PetTrackerApi'*/[0m
  [1m[36mPet Count (0.0ms)[0m  [1m[34mSELECT COUNT(*) FROM "pets" WHERE "pets"."in_zone" = 0 /*application='PetTrackerApi'*/[0m
  [1m[36mCat Count (0.0ms)[0m  [1m[34mSELECT COUNT(*) FROM "pets" WHERE "pets"."type" = 'Cat' AND "pets"."lost_tracker" = 1 /*application='PetTrackerApi'*/[0m
  [1m[36mPet Count (0.0ms)[0m  [1m[34mSELECT COUNT(*) AS "count_all", "pets"."type" AS "pets_type" FROM "pets" WHERE "pets"."in_zone" = 0 GROUP BY "pets"."type" /*application='PetTrackerApi'*/[0m
  ↳ app/models/pet.rb:28:in `pets_outside_zone_by_pet_type'
  [1m[36mPet Count (0.0ms)[0m  [1m[34mSELECT COUNT(*) AS "count_all", "pets"."tracker_type" AS "pets_tracker_type" FROM "pets" WHERE "pets"."in_zone" = 0 GROUP BY "pets"."tracker_type" /*application='PetTrackerApi'*/[0m
  ↳ app/models/pet.rb:32:in `pets_outside_zone_by_tracker_type'
  [1m[36mCat Count (0.0ms)[0m  [1m[34mSELECT COUNT(*) FROM "pets" WHERE "pets"."type" = 'Cat' AND "pets"."in_zone" = 0 AND "pets"."lost_tracker" = 1 /*application='PetTrackerApi'*/[0m
  ↳ app/models/cat.rb:12:in `cats_outside_zone_with_lost_tracker'
  [1m[36mDog Count (0.0ms)[0m  [1m[34mSELECT COUNT(*) AS "count_all", "pets"."tracker_type" AS "pets_tracker_type" FROM "pets" WHERE "pets"."type" = 'Dog' AND "pets"."in_zone" = 0 GROUP BY "pets"."tracker_type" /*application='PetTrackerApi'*/[0m
  ↳ app/models/dog.rb:11:in `dogs_outside_zone_by_size'
Started GET "/api/v1/pets" for ::1 at 2025-08-19 18:38:46 +0300
Processing by Api::V1::PetsController#index as */*
  [1m[36mPet Load (0.6ms)[0m  [1m[34mSELECT "pets".* FROM "pets" /*action='index',application='PetTrackerApi',controller='pets'*/[0m
  ↳ app/controllers/api/v1/pets_controller.rb:7:in `index'
[active_model_serializers] Rendered ActiveModel::Serializer::CollectionSerializer with ActiveModelSerializers::Adapter::Attributes (0.86ms)
Completed 200 OK in 20ms (Views: 17.6ms | ActiveRecord: 0.7ms (1 query, 0 cached) | GC: 0.0ms)


Started GET "/api/v1/pets/statistics/outside_zone" for ::1 at 2025-08-19 18:38:53 +0300
Processing by Api::V1::PetsController#outside_zone_statistics as */*
  [1m[36mPet Count (0.1ms)[0m  [1m[34mSELECT COUNT(*) FROM "pets" WHERE "pets"."in_zone" = 0 /*action='outside_zone_statistics',application='PetTrackerApi',controller='pets'*/[0m
  ↳ app/models/pet.rb:24:in `total_pets_outside_zone'
  [1m[36mPet Count (0.1ms)[0m  [1m[34mSELECT COUNT(*) AS "count_all", "pets"."type" AS "pets_type" FROM "pets" WHERE "pets"."in_zone" = 0 GROUP BY "pets"."type" /*action='outside_zone_statistics',application='PetTrackerApi',controller='pets'*/[0m
  ↳ app/models/pet.rb:28:in `pets_outside_zone_by_pet_type'
  [1m[36mPet Count (0.1ms)[0m  [1m[34mSELECT COUNT(*) AS "count_all", "pets"."tracker_type" AS "pets_tracker_type" FROM "pets" WHERE "pets"."in_zone" = 0 GROUP BY "pets"."tracker_type" /*action='outside_zone_statistics',application='PetTrackerApi',controller='pets'*/[0m
  ↳ app/models/pet.rb:32:in `pets_outside_zone_by_tracker_type'
  [1m[36mPet Count (0.1ms)[0m  [1m[34mSELECT COUNT(*) AS "count_all", "pets"."type" AS "pets_type", "pets"."tracker_type" AS "pets_tracker_type" FROM "pets" WHERE "pets"."in_zone" = 0 GROUP BY "pets"."type", "pets"."tracker_type" /*action='outside_zone_statistics',application='PetTrackerApi',controller='pets'*/[0m
  ↳ app/models/pet.rb:20:in `pets_outside_zone_by_type'
  [1m[36mCat Count (0.1ms)[0m  [1m[34mSELECT COUNT(*) FROM "pets" WHERE "pets"."type" = 'Cat' AND "pets"."in_zone" = 0 AND "pets"."lost_tracker" = 1 /*action='outside_zone_statistics',application='PetTrackerApi',controller='pets'*/[0m
  ↳ app/models/cat.rb:12:in `cats_outside_zone_with_lost_tracker'
  [1m[36mCat Count (0.1ms)[0m  [1m[34mSELECT COUNT(*) FROM "pets" WHERE "pets"."type" = 'Cat' AND "pets"."in_zone" = 0 AND "pets"."lost_tracker" = 0 /*action='outside_zone_statistics',application='PetTrackerApi',controller='pets'*/[0m
  ↳ app/models/cat.rb:16:in `cats_outside_zone_with_tracker'
  [1m[36mDog Count (0.0ms)[0m  [1m[34mSELECT COUNT(*) AS "count_all", "pets"."tracker_type" AS "pets_tracker_type" FROM "pets" WHERE "pets"."type" = 'Dog' AND "pets"."in_zone" = 0 GROUP BY "pets"."tracker_type" /*action='outside_zone_statistics',application='PetTrackerApi',controller='pets'*/[0m
  ↳ app/models/dog.rb:11:in `dogs_outside_zone_by_size'
[active_model_serializers] Rendered ActiveModel::Serializer::Null with Hash (0.83ms)
Completed 200 OK in 8ms (Views: 1.9ms | ActiveRecord: 0.5ms (7 queries, 0 cached) | GC: 0.0ms)


Started GET "/api/v1/pets" for ::1 at 2025-08-19 18:41:47 +0300
  [1m[35m (0.1ms)[0m  [1m[35mCREATE TABLE "schema_migrations" ("version" varchar NOT NULL PRIMARY KEY) /*application='PetTrackerApi'*/[0m
  [1m[35m (0.1ms)[0m  [1m[35mCREATE TABLE "ar_internal_metadata" ("key" varchar NOT NULL PRIMARY KEY, "value" varchar, "created_at" datetime(6) NOT NULL, "updated_at" datetime(6) NOT NULL) /*application='PetTrackerApi'*/[0m
  [1m[36mActiveRecord::SchemaMigration Load (0.1ms)[0m  [1m[34mSELECT "schema_migrations"."version" FROM "schema_migrations" ORDER BY "schema_migrations"."version" ASC /*application='PetTrackerApi'*/[0m
  
ActiveRecord::PendingMigrationError (

Migrations are pending. To resolve this issue, run:

        bin/rails db:migrate

You have 1 pending migration:

db/migrate/20250819151434_create_pets.rb


):
  
activerecord (8.0.2.1) lib/active_record/migration.rb:743:in `check_pending_migrations'
activerecord (8.0.2.1) lib/active_record/migration.rb:660:in `block (2 levels) in call'
activesupport (8.0.2.1) lib/active_support/file_update_checker.rb:85:in `execute'
activerecord (8.0.2.1) lib/active_record/migration.rb:665:in `block in call'
activerecord (8.0.2.1) lib/active_record/migration.rb:657:in `synchronize'
activerecord (8.0.2.1) lib/active_record/migration.rb:657:in `call'
actionpack (8.0.2.1) lib/action_dispatch/middleware/callbacks.rb:31:in `block in call'
activesupport (8.0.2.1) lib/active_support/callbacks.rb:100:in `run_callbacks'
actionpack (8.0.2.1) lib/action_dispatch/middleware/callbacks.rb:30:in `call'
actionpack (8.0.2.1) lib/action_dispatch/middleware/executor.rb:16:in `call'
actionpack (8.0.2.1) lib/action_dispatch/middleware/actionable_exceptions.rb:18:in `call'
actionpack (8.0.2.1) lib/action_dispatch/middleware/debug_exceptions.rb:31:in `call'
actionpack (8.0.2.1) lib/action_dispatch/middleware/show_exceptions.rb:32:in `call'
railties (8.0.2.1) lib/rails/rack/logger.rb:41:in `call_app'
railties (8.0.2.1) lib/rails/rack/logger.rb:29:in `call'
actionpack (8.0.2.1) lib/action_dispatch/middleware/remote_ip.rb:96:in `call'
actionpack (8.0.2.1) lib/action_dispatch/middleware/request_id.rb:34:in `call'
rack (3.2.0) lib/rack/runtime.rb:24:in `call'
actionpack (8.0.2.1) lib/action_dispatch/middleware/server_timing.rb:61:in `block in call'
actionpack (8.0.2.1) lib/action_dispatch/middleware/server_timing.rb:26:in `collect_events'
actionpack (8.0.2.1) lib/action_dispatch/middleware/server_timing.rb:60:in `call'
actionpack (8.0.2.1) lib/action_dispatch/middleware/executor.rb:16:in `call'
actionpack (8.0.2.1) lib/action_dispatch/middleware/static.rb:27:in `call'
rack (3.2.0) lib/rack/sendfile.rb:114:in `call'
actionpack (8.0.2.1) lib/action_dispatch/middleware/host_authorization.rb:143:in `call'
railties (8.0.2.1) lib/rails/engine.rb:535:in `call'
puma (6.6.1) lib/puma/configuration.rb:279:in `call'
puma (6.6.1) lib/puma/request.rb:99:in `block in handle_request'
puma (6.6.1) lib/puma/thread_pool.rb:390:in `with_force_shutdown'
puma (6.6.1) lib/puma/request.rb:98:in `handle_request'
puma (6.6.1) lib/puma/server.rb:472:in `process_client'
puma (6.6.1) lib/puma/server.rb:254:in `block in run'
puma (6.6.1) lib/puma/thread_pool.rb:167:in `block in spawn_thread'
  [1m[35m (0.0ms)[0m  [1m[35mDROP TABLE IF EXISTS "pets" /*application='PetTrackerApi'*/[0m
  [1m[35m (0.1ms)[0m  [1m[35mCREATE TABLE "pets" ("id" integer PRIMARY KEY AUTOINCREMENT NOT NULL, "type" varchar, "tracker_type" varchar, "owner_id" integer, "in_zone" boolean, "lost_tracker" boolean, "created_at" datetime(6) NOT NULL, "updated_at" datetime(6) NOT NULL) /*application='PetTrackerApi'*/[0m
  [1m[35m (0.1ms)[0m  [1m[35mCREATE TABLE "schema_migrations" ("version" varchar NOT NULL PRIMARY KEY) /*application='PetTrackerApi'*/[0m
  [1m[36mActiveRecord::SchemaMigration Load (0.1ms)[0m  [1m[34mSELECT "schema_migrations"."version" FROM "schema_migrations" ORDER BY "schema_migrations"."version" ASC /*application='PetTrackerApi'*/[0m
  [1m[35m (0.0ms)[0m  [1m[32mINSERT INTO "schema_migrations" (version) VALUES (20250819151434) /*application='PetTrackerApi'*/[0m
  [1m[35m (0.1ms)[0m  [1m[35mCREATE TABLE "ar_internal_metadata" ("key" varchar NOT NULL PRIMARY KEY, "value" varchar, "created_at" datetime(6) NOT NULL, "updated_at" datetime(6) NOT NULL) /*application='PetTrackerApi'*/[0m
  [1m[36mActiveRecord::InternalMetadata Load (0.0ms)[0m  [1m[34mSELECT * FROM "ar_internal_metadata" WHERE "ar_internal_metadata"."key" = 'environment' ORDER BY "ar_internal_metadata"."key" ASC LIMIT 1 /*application='PetTrackerApi'*/[0m
  [1m[36mActiveRecord::InternalMetadata Create (0.0ms)[0m  [1m[32mINSERT INTO "ar_internal_metadata" ("key", "value", "created_at", "updated_at") VALUES ('environment', 'development', '2025-08-19 15:41:56.046052', '2025-08-19 15:41:56.046053') RETURNING "key" /*application='PetTrackerApi'*/[0m
  [1m[36mActiveRecord::InternalMetadata Load (0.0ms)[0m  [1m[34mSELECT * FROM "ar_internal_metadata" WHERE "ar_internal_metadata"."key" = 'environment' ORDER BY "ar_internal_metadata"."key" ASC LIMIT 1 /*application='PetTrackerApi'*/[0m
  [1m[36mActiveRecord::InternalMetadata Load (0.0ms)[0m  [1m[34mSELECT * FROM "ar_internal_metadata" WHERE "ar_internal_metadata"."key" = 'schema_sha1' ORDER BY "ar_internal_metadata"."key" ASC LIMIT 1 /*application='PetTrackerApi'*/[0m
  [1m[36mActiveRecord::InternalMetadata Create (0.0ms)[0m  [1m[32mINSERT INTO "ar_internal_metadata" ("key", "value", "created_at", "updated_at") VALUES ('schema_sha1', 'e8c1118c32c521cdd3b83648272be60d33094349', '2025-08-19 15:41:56.047171', '2025-08-19 15:41:56.047172') RETURNING "key" /*application='PetTrackerApi'*/[0m
  [1m[36mActiveRecord::InternalMetadata Load (0.0ms)[0m  [1m[34mSELECT * FROM "ar_internal_metadata" WHERE "ar_internal_metadata"."key" = 'environment' ORDER BY "ar_internal_metadata"."key" ASC LIMIT 1 /*application='PetTrackerApi'*/[0m
  [1m[36mActiveRecord::SchemaMigration Load (0.0ms)[0m  [1m[34mSELECT "schema_migrations"."version" FROM "schema_migrations" ORDER BY "schema_migrations"."version" ASC /*application='PetTrackerApi'*/[0m
  [1m[36mActiveRecord::SchemaMigration Load (0.0ms)[0m  [1m[34mSELECT "schema_migrations"."version" FROM "schema_migrations" ORDER BY "schema_migrations"."version" ASC /*application='PetTrackerApi'*/[0m
Started GET "/api/v1/pets" for ::1 at 2025-08-19 18:42:02 +0300
  [1m[35m (0.1ms)[0m  [1m[35mCREATE TABLE "schema_migrations" ("version" varchar NOT NULL PRIMARY KEY) /*application='PetTrackerApi'*/[0m
  [1m[35m (0.1ms)[0m  [1m[35mCREATE TABLE "ar_internal_metadata" ("key" varchar NOT NULL PRIMARY KEY, "value" varchar, "created_at" datetime(6) NOT NULL, "updated_at" datetime(6) NOT NULL) /*application='PetTrackerApi'*/[0m
  [1m[36mActiveRecord::SchemaMigration Load (0.0ms)[0m  [1m[34mSELECT "schema_migrations"."version" FROM "schema_migrations" ORDER BY "schema_migrations"."version" ASC /*application='PetTrackerApi'*/[0m
  
ActiveRecord::PendingMigrationError (

Migrations are pending. To resolve this issue, run:

        bin/rails db:migrate

You have 1 pending migration:

db/migrate/20250819151434_create_pets.rb


):
  
activerecord (8.0.2.1) lib/active_record/migration.rb:743:in `check_pending_migrations'
activerecord (8.0.2.1) lib/active_record/migration.rb:660:in `block (2 levels) in call'
activesupport (8.0.2.1) lib/active_support/file_update_checker.rb:85:in `execute'
activerecord (8.0.2.1) lib/active_record/migration.rb:665:in `block in call'
activerecord (8.0.2.1) lib/active_record/migration.rb:657:in `synchronize'
activerecord (8.0.2.1) lib/active_record/migration.rb:657:in `call'
actionpack (8.0.2.1) lib/action_dispatch/middleware/callbacks.rb:31:in `block in call'
activesupport (8.0.2.1) lib/active_support/callbacks.rb:100:in `run_callbacks'
actionpack (8.0.2.1) lib/action_dispatch/middleware/callbacks.rb:30:in `call'
actionpack (8.0.2.1) lib/action_dispatch/middleware/executor.rb:16:in `call'
actionpack (8.0.2.1) lib/action_dispatch/middleware/actionable_exceptions.rb:18:in `call'
actionpack (8.0.2.1) lib/action_dispatch/middleware/debug_exceptions.rb:31:in `call'
actionpack (8.0.2.1) lib/action_dispatch/middleware/show_exceptions.rb:32:in `call'
railties (8.0.2.1) lib/rails/rack/logger.rb:41:in `call_app'
railties (8.0.2.1) lib/rails/rack/logger.rb:29:in `call'
actionpack (8.0.2.1) lib/action_dispatch/middleware/remote_ip.rb:96:in `call'
actionpack (8.0.2.1) lib/action_dispatch/middleware/request_id.rb:34:in `call'
rack (3.2.0) lib/rack/runtime.rb:24:in `call'
actionpack (8.0.2.1) lib/action_dispatch/middleware/server_timing.rb:61:in `block in call'
actionpack (8.0.2.1) lib/action_dispatch/middleware/server_timing.rb:26:in `collect_events'
actionpack (8.0.2.1) lib/action_dispatch/middleware/server_timing.rb:60:in `call'
actionpack (8.0.2.1) lib/action_dispatch/middleware/executor.rb:16:in `call'
actionpack (8.0.2.1) lib/action_dispatch/middleware/static.rb:27:in `call'
rack (3.2.0) lib/rack/sendfile.rb:114:in `call'
actionpack (8.0.2.1) lib/action_dispatch/middleware/host_authorization.rb:143:in `call'
railties (8.0.2.1) lib/rails/engine.rb:535:in `call'
puma (6.6.1) lib/puma/configuration.rb:279:in `call'
puma (6.6.1) lib/puma/request.rb:99:in `block in handle_request'
puma (6.6.1) lib/puma/thread_pool.rb:390:in `with_force_shutdown'
puma (6.6.1) lib/puma/request.rb:98:in `handle_request'
puma (6.6.1) lib/puma/server.rb:472:in `process_client'
puma (6.6.1) lib/puma/server.rb:254:in `block in run'
puma (6.6.1) lib/puma/thread_pool.rb:167:in `block in spawn_thread'
Started GET "/api/v1/pets" for ::1 at 2025-08-19 18:42:57 +0300
  [1m[35m (0.2ms)[0m  [1m[35mCREATE TABLE "schema_migrations" ("version" varchar NOT NULL PRIMARY KEY) /*application='PetTrackerApi'*/[0m
  [1m[35m (0.1ms)[0m  [1m[35mCREATE TABLE "ar_internal_metadata" ("key" varchar NOT NULL PRIMARY KEY, "value" varchar, "created_at" datetime(6) NOT NULL, "updated_at" datetime(6) NOT NULL) /*application='PetTrackerApi'*/[0m
  [1m[36mActiveRecord::SchemaMigration Load (0.1ms)[0m  [1m[34mSELECT "schema_migrations"."version" FROM "schema_migrations" ORDER BY "schema_migrations"."version" ASC /*application='PetTrackerApi'*/[0m
  
ActiveRecord::PendingMigrationError (

Migrations are pending. To resolve this issue, run:

        bin/rails db:migrate

You have 1 pending migration:

db/migrate/20250819151434_create_pets.rb


):
  
activerecord (8.0.2.1) lib/active_record/migration.rb:743:in `check_pending_migrations'
activerecord (8.0.2.1) lib/active_record/migration.rb:660:in `block (2 levels) in call'
activesupport (8.0.2.1) lib/active_support/file_update_checker.rb:85:in `execute'
activerecord (8.0.2.1) lib/active_record/migration.rb:665:in `block in call'
activerecord (8.0.2.1) lib/active_record/migration.rb:657:in `synchronize'
activerecord (8.0.2.1) lib/active_record/migration.rb:657:in `call'
actionpack (8.0.2.1) lib/action_dispatch/middleware/callbacks.rb:31:in `block in call'
activesupport (8.0.2.1) lib/active_support/callbacks.rb:100:in `run_callbacks'
actionpack (8.0.2.1) lib/action_dispatch/middleware/callbacks.rb:30:in `call'
actionpack (8.0.2.1) lib/action_dispatch/middleware/executor.rb:16:in `call'
actionpack (8.0.2.1) lib/action_dispatch/middleware/actionable_exceptions.rb:18:in `call'
actionpack (8.0.2.1) lib/action_dispatch/middleware/debug_exceptions.rb:31:in `call'
actionpack (8.0.2.1) lib/action_dispatch/middleware/show_exceptions.rb:32:in `call'
railties (8.0.2.1) lib/rails/rack/logger.rb:41:in `call_app'
railties (8.0.2.1) lib/rails/rack/logger.rb:29:in `call'
actionpack (8.0.2.1) lib/action_dispatch/middleware/remote_ip.rb:96:in `call'
actionpack (8.0.2.1) lib/action_dispatch/middleware/request_id.rb:34:in `call'
rack (3.2.0) lib/rack/runtime.rb:24:in `call'
actionpack (8.0.2.1) lib/action_dispatch/middleware/server_timing.rb:61:in `block in call'
actionpack (8.0.2.1) lib/action_dispatch/middleware/server_timing.rb:26:in `collect_events'
actionpack (8.0.2.1) lib/action_dispatch/middleware/server_timing.rb:60:in `call'
actionpack (8.0.2.1) lib/action_dispatch/middleware/executor.rb:16:in `call'
actionpack (8.0.2.1) lib/action_dispatch/middleware/static.rb:27:in `call'
rack (3.2.0) lib/rack/sendfile.rb:114:in `call'
actionpack (8.0.2.1) lib/action_dispatch/middleware/host_authorization.rb:143:in `call'
railties (8.0.2.1) lib/rails/engine.rb:535:in `call'
puma (6.6.1) lib/puma/configuration.rb:279:in `call'
puma (6.6.1) lib/puma/request.rb:99:in `block in handle_request'
puma (6.6.1) lib/puma/thread_pool.rb:390:in `with_force_shutdown'
puma (6.6.1) lib/puma/request.rb:98:in `handle_request'
puma (6.6.1) lib/puma/server.rb:472:in `process_client'
puma (6.6.1) lib/puma/server.rb:254:in `block in run'
puma (6.6.1) lib/puma/thread_pool.rb:167:in `block in spawn_thread'
[ActionDispatch::HostAuthorization::DefaultResponseApp] Blocked hosts: api.lvh.me:3000
[ActionDispatch::HostAuthorization::DefaultResponseApp] Blocked hosts: api.lvh.me:3000
[ActionDispatch::HostAuthorization::DefaultResponseApp] Blocked hosts: api.lvh.me:3000
Started GET "/api/v1/pets" for ::1 at 2025-08-19 18:49:23 +0300
  [1m[35m (0.1ms)[0m  [1m[35mCREATE TABLE "schema_migrations" ("version" varchar NOT NULL PRIMARY KEY) /*application='PetTrackerApi'*/[0m
  [1m[35m (0.1ms)[0m  [1m[35mCREATE TABLE "ar_internal_metadata" ("key" varchar NOT NULL PRIMARY KEY, "value" varchar, "created_at" datetime(6) NOT NULL, "updated_at" datetime(6) NOT NULL) /*application='PetTrackerApi'*/[0m
  [1m[36mActiveRecord::SchemaMigration Load (0.1ms)[0m  [1m[34mSELECT "schema_migrations"."version" FROM "schema_migrations" ORDER BY "schema_migrations"."version" ASC /*application='PetTrackerApi'*/[0m
  
ActiveRecord::PendingMigrationError (

Migrations are pending. To resolve this issue, run:

        bin/rails db:migrate

You have 1 pending migration:

db/migrate/20250819151434_create_pets.rb


):
  
activerecord (8.0.2.1) lib/active_record/migration.rb:743:in `check_pending_migrations'
activerecord (8.0.2.1) lib/active_record/migration.rb:660:in `block (2 levels) in call'
activesupport (8.0.2.1) lib/active_support/file_update_checker.rb:85:in `execute'
activerecord (8.0.2.1) lib/active_record/migration.rb:665:in `block in call'
activerecord (8.0.2.1) lib/active_record/migration.rb:657:in `synchronize'
activerecord (8.0.2.1) lib/active_record/migration.rb:657:in `call'
actionpack (8.0.2.1) lib/action_dispatch/middleware/callbacks.rb:31:in `block in call'
activesupport (8.0.2.1) lib/active_support/callbacks.rb:100:in `run_callbacks'
actionpack (8.0.2.1) lib/action_dispatch/middleware/callbacks.rb:30:in `call'
actionpack (8.0.2.1) lib/action_dispatch/middleware/executor.rb:16:in `call'
actionpack (8.0.2.1) lib/action_dispatch/middleware/actionable_exceptions.rb:18:in `call'
actionpack (8.0.2.1) lib/action_dispatch/middleware/debug_exceptions.rb:31:in `call'
actionpack (8.0.2.1) lib/action_dispatch/middleware/show_exceptions.rb:32:in `call'
railties (8.0.2.1) lib/rails/rack/logger.rb:41:in `call_app'
railties (8.0.2.1) lib/rails/rack/logger.rb:29:in `call'
actionpack (8.0.2.1) lib/action_dispatch/middleware/remote_ip.rb:96:in `call'
actionpack (8.0.2.1) lib/action_dispatch/middleware/request_id.rb:34:in `call'
rack (3.2.0) lib/rack/runtime.rb:24:in `call'
actionpack (8.0.2.1) lib/action_dispatch/middleware/server_timing.rb:61:in `block in call'
actionpack (8.0.2.1) lib/action_dispatch/middleware/server_timing.rb:26:in `collect_events'
actionpack (8.0.2.1) lib/action_dispatch/middleware/server_timing.rb:60:in `call'
actionpack (8.0.2.1) lib/action_dispatch/middleware/executor.rb:16:in `call'
actionpack (8.0.2.1) lib/action_dispatch/middleware/static.rb:27:in `call'
rack (3.2.0) lib/rack/sendfile.rb:114:in `call'
actionpack (8.0.2.1) lib/action_dispatch/middleware/host_authorization.rb:143:in `call'
railties (8.0.2.1) lib/rails/engine.rb:535:in `call'
puma (6.6.1) lib/puma/configuration.rb:279:in `call'
puma (6.6.1) lib/puma/request.rb:99:in `block in handle_request'
puma (6.6.1) lib/puma/thread_pool.rb:390:in `with_force_shutdown'
puma (6.6.1) lib/puma/request.rb:98:in `handle_request'
puma (6.6.1) lib/puma/server.rb:472:in `process_client'
puma (6.6.1) lib/puma/server.rb:254:in `block in run'
puma (6.6.1) lib/puma/thread_pool.rb:167:in `block in spawn_thread'
Started GET "/api/v1/pets/statistics/outside_zone" for ::1 at 2025-08-19 18:54:24 +0300
  [1m[36mActiveRecord::SchemaMigration Load (0.1ms)[0m  [1m[34mSELECT "schema_migrations"."version" FROM "schema_migrations" ORDER BY "schema_migrations"."version" ASC /*application='PetTrackerApi'*/[0m
Processing by Api::V1::PetsController#outside_zone_statistics as */*
  [1m[36mPet Count (0.1ms)[0m  [1m[34mSELECT COUNT(*) FROM "pets" WHERE "pets"."in_zone" = 0 /*action='outside_zone_statistics',application='PetTrackerApi',controller='pets'*/[0m
  ↳ app/services/statistics_service.rb:27:in `calculate_stats'
  [1m[36mPet Count (0.0ms)[0m  [1m[34mSELECT COUNT(*) AS "count_all", "pets"."type" AS "pets_type" FROM "pets" WHERE "pets"."in_zone" = 0 GROUP BY "pets"."type" /*action='outside_zone_statistics',application='PetTrackerApi',controller='pets'*/[0m
  ↳ app/models/pet.rb:28:in `pets_outside_zone_by_pet_type'
  [1m[36mPet Count (0.0ms)[0m  [1m[34mSELECT COUNT(*) AS "count_all", "pets"."tracker_type" AS "pets_tracker_type" FROM "pets" WHERE "pets"."in_zone" = 0 GROUP BY "pets"."tracker_type" /*action='outside_zone_statistics',application='PetTrackerApi',controller='pets'*/[0m
  ↳ app/models/pet.rb:32:in `pets_outside_zone_by_tracker_type'
  [1m[36mPet Count (0.0ms)[0m  [1m[34mSELECT COUNT(*) AS "count_all", "pets"."type" AS "pets_type", "pets"."tracker_type" AS "pets_tracker_type" FROM "pets" WHERE "pets"."in_zone" = 0 GROUP BY "pets"."type", "pets"."tracker_type" /*action='outside_zone_statistics',application='PetTrackerApi',controller='pets'*/[0m
  ↳ app/models/pet.rb:20:in `pets_outside_zone_by_type'
  [1m[36mCat Count (0.0ms)[0m  [1m[34mSELECT COUNT(*) FROM "pets" WHERE "pets"."type" = 'Cat' AND "pets"."in_zone" = 0 AND "pets"."lost_tracker" = 1 /*action='outside_zone_statistics',application='PetTrackerApi',controller='pets'*/[0m
  ↳ app/models/cat.rb:12:in `cats_outside_zone_with_lost_tracker'
  [1m[36mCat Count (0.0ms)[0m  [1m[34mSELECT COUNT(*) FROM "pets" WHERE "pets"."type" = 'Cat' AND "pets"."in_zone" = 0 AND "pets"."lost_tracker" = 0 /*action='outside_zone_statistics',application='PetTrackerApi',controller='pets'*/[0m
  ↳ app/models/cat.rb:16:in `cats_outside_zone_with_tracker'
  [1m[36mDog Count (0.0ms)[0m  [1m[34mSELECT COUNT(*) AS "count_all", "pets"."tracker_type" AS "pets_tracker_type" FROM "pets" WHERE "pets"."type" = 'Dog' AND "pets"."in_zone" = 0 GROUP BY "pets"."tracker_type" /*action='outside_zone_statistics',application='PetTrackerApi',controller='pets'*/[0m
  ↳ app/models/dog.rb:11:in `dogs_outside_zone_by_size'
[active_model_serializers] Rendered ActiveModel::Serializer::Null with Hash (0.06ms)
Completed 200 OK in 20ms (Views: 0.7ms | ActiveRecord: 1.2ms (7 queries, 0 cached) | GC: 2.1ms)


Started GET "/api/v1/pets/statistics/outside_zone" for ::1 at 2025-08-19 18:54:38 +0300
Processing by Api::V1::PetsController#outside_zone_statistics as */*
[active_model_serializers] Rendered ActiveModel::Serializer::Null with Hash (0.15ms)
Completed 200 OK in 4ms (Views: 2.4ms | ActiveRecord: 0.0ms (0 queries, 0 cached) | GC: 1.4ms)


Started POST "/api/v1/pets" for ::1 at 2025-08-19 18:54:46 +0300
Processing by Api::V1::PetsController#create as */*
  Parameters: {"pet"=>{"type"=>"Cat", "tracker_type"=>"big", "owner_id"=>9999, "in_zone"=>false, "lost_tracker"=>false}}
  [1m[36mTRANSACTION (0.1ms)[0m  [1m[35mBEGIN immediate TRANSACTION /*action='create',application='PetTrackerApi',controller='pets'*/[0m
  ↳ app/controllers/api/v1/pets_controller.rb:21:in `create'
  [1m[36mCat Create (2.4ms)[0m  [1m[32mINSERT INTO "pets" ("type", "tracker_type", "owner_id", "in_zone", "lost_tracker", "created_at", "updated_at") VALUES ('Cat', 'big', 9999, 0, 0, '2025-08-19 15:54:46.669744', '2025-08-19 15:54:46.669744') RETURNING "id" /*action='create',application='PetTrackerApi',controller='pets'*/[0m
  ↳ app/controllers/api/v1/pets_controller.rb:21:in `create'
  [1m[36mTRANSACTION (0.4ms)[0m  [1m[35mCOMMIT TRANSACTION /*action='create',application='PetTrackerApi',controller='pets'*/[0m
  ↳ app/controllers/api/v1/pets_controller.rb:21:in `create'
[active_model_serializers] Rendered PetSerializer with ActiveModelSerializers::Adapter::Attributes (0.32ms)
Completed 201 Created in 22ms (Views: 3.9ms | ActiveRecord: 3.2ms (1 query, 0 cached) | GC: 1.6ms)


Started GET "/api/v1/pets/statistics/outside_zone" for ::1 at 2025-08-19 18:54:52 +0300
Processing by Api::V1::PetsController#outside_zone_statistics as */*
  [1m[36mPet Count (0.1ms)[0m  [1m[34mSELECT COUNT(*) FROM "pets" WHERE "pets"."in_zone" = 0 /*action='outside_zone_statistics',application='PetTrackerApi',controller='pets'*/[0m
  ↳ app/services/statistics_service.rb:27:in `calculate_stats'
  [1m[36mPet Count (0.1ms)[0m  [1m[34mSELECT COUNT(*) AS "count_all", "pets"."type" AS "pets_type" FROM "pets" WHERE "pets"."in_zone" = 0 GROUP BY "pets"."type" /*action='outside_zone_statistics',application='PetTrackerApi',controller='pets'*/[0m
  ↳ app/models/pet.rb:28:in `pets_outside_zone_by_pet_type'
  [1m[36mPet Count (0.0ms)[0m  [1m[34mSELECT COUNT(*) AS "count_all", "pets"."tracker_type" AS "pets_tracker_type" FROM "pets" WHERE "pets"."in_zone" = 0 GROUP BY "pets"."tracker_type" /*action='outside_zone_statistics',application='PetTrackerApi',controller='pets'*/[0m
  ↳ app/models/pet.rb:32:in `pets_outside_zone_by_tracker_type'
  [1m[36mPet Count (0.1ms)[0m  [1m[34mSELECT COUNT(*) AS "count_all", "pets"."type" AS "pets_type", "pets"."tracker_type" AS "pets_tracker_type" FROM "pets" WHERE "pets"."in_zone" = 0 GROUP BY "pets"."type", "pets"."tracker_type" /*action='outside_zone_statistics',application='PetTrackerApi',controller='pets'*/[0m
  ↳ app/models/pet.rb:20:in `pets_outside_zone_by_type'
  [1m[36mCat Count (0.0ms)[0m  [1m[34mSELECT COUNT(*) FROM "pets" WHERE "pets"."type" = 'Cat' AND "pets"."in_zone" = 0 AND "pets"."lost_tracker" = 1 /*action='outside_zone_statistics',application='PetTrackerApi',controller='pets'*/[0m
  ↳ app/models/cat.rb:12:in `cats_outside_zone_with_lost_tracker'
  [1m[36mCat Count (0.0ms)[0m  [1m[34mSELECT COUNT(*) FROM "pets" WHERE "pets"."type" = 'Cat' AND "pets"."in_zone" = 0 AND "pets"."lost_tracker" = 0 /*action='outside_zone_statistics',application='PetTrackerApi',controller='pets'*/[0m
  ↳ app/models/cat.rb:16:in `cats_outside_zone_with_tracker'
  [1m[36mDog Count (0.0ms)[0m  [1m[34mSELECT COUNT(*) AS "count_all", "pets"."tracker_type" AS "pets_tracker_type" FROM "pets" WHERE "pets"."type" = 'Dog' AND "pets"."in_zone" = 0 GROUP BY "pets"."tracker_type" /*action='outside_zone_statistics',application='PetTrackerApi',controller='pets'*/[0m
  ↳ app/models/dog.rb:11:in `dogs_outside_zone_by_size'
[active_model_serializers] Rendered ActiveModel::Serializer::Null with Hash (0.05ms)
Completed 200 OK in 4ms (Views: 0.2ms | ActiveRecord: 0.3ms (7 queries, 0 cached) | GC: 0.0ms)


